<?xml version="1.0" encoding="UTF-8"?>
<testng-results ignored="0" total="1" passed="1" failed="0" skipped="0">
  <reporter-output>
  </reporter-output>
  <suite started-at="2024-02-08T08:57:43 IST" name="Default suite" finished-at="2024-02-08T08:58:22 IST" duration-ms="38761">
    <groups>
    </groups>
    <test started-at="2024-02-08T08:57:43 IST" name="Default test" finished-at="2024-02-08T08:58:22 IST" duration-ms="38761">
      <class name="com.cermati.ebay.test.AccessProductViaMultipleFilters">
        <test-method is-config="true" signature="executeBeforeMethod()[pri:0, instance:com.cermati.ebay.test.AccessProductViaMultipleFilters@298a5e20]" started-at="2024-02-08T08:57:43 IST" name="executeBeforeMethod" finished-at="2024-02-08T08:57:54 IST" duration-ms="11352" status="PASS">
          <reporter-output>
          </reporter-output>
        </test-method> <!-- executeBeforeMethod -->
        <test-method signature="accessProductCategoryAfterApplyingMultipleFilters()[pri:0, instance:com.cermati.ebay.test.AccessProductViaMultipleFilters@298a5e20]" started-at="2024-02-08T08:57:54 IST" name="accessProductCategoryAfterApplyingMultipleFilters" finished-at="2024-02-08T08:58:19 IST" duration-ms="24473" status="PASS">
          <reporter-output>
          </reporter-output>
        </test-method> <!-- accessProductCategoryAfterApplyingMultipleFilters -->
        <test-method is-config="true" signature="executeAfterMethod()[pri:0, instance:com.cermati.ebay.test.AccessProductViaMultipleFilters@298a5e20]" started-at="2024-02-08T08:58:19 IST" name="executeAfterMethod" finished-at="2024-02-08T08:58:22 IST" duration-ms="2843" status="PASS">
          <reporter-output>
          </reporter-output>
        </test-method> <!-- executeAfterMethod -->
      </class> <!-- com.cermati.ebay.test.AccessProductViaMultipleFilters -->
    </test> <!-- Default test -->
  </suite> <!-- Default suite -->
</testng-results>
